Terminals unused in grammar

   TOKEN_RECEIVE


State 32 conflicts: 4 reduce/reduce


Grammar

    0 $accept: PROGRAMA $end

    1 PROGRAMA: CREATE EXECUTE

    2 CREATE: TOKEN_CREATE SECUENCIA_DECLAR

    3 SECUENCIA_DECLAR: SECUENCIA_DECLAR DECLARATION
    4                 | DECLARATION

    5 DECLARATION: TIPO TOKEN_BOT LISTA_IDS SECUENCIA_COMPORT TOKEN_END
    6            | TIPO TOKEN_BOT LISTA_IDS TOKEN_END

    7 TIPO: TOKEN_BOOL
    8     | TOKEN_CHAR
    9     | TOKEN_INT

   10 SECUENCIA_COMPORT: SECUENCIA_COMPORT COMPORTAMIENTO
   11                  | COMPORTAMIENTO

   12 COMPORTAMIENTO: TOKEN_ON CONDITION TOKEN_DOSPUNT SECUENCIA_ROBOTINSTR TOKEN_END
   13               | DEFAULTCOMP

   14 DEFAULTCOMP: TOKEN_ON TOKEN_DEFAULT TOKEN_DOSPUNT SECUENCIA_ROBOTINSTR TOKEN_END

   15 CONDITION: TOKEN_ACTIVATION
   16          | TOKEN_DEACTIVATION
   17          | BOOLEXPRESSION

   18 SECUENCIA_ROBOTINSTR: SECUENCIA_ROBOTINSTR ROBOTINSTR
   19                     | ROBOTINSTR

   20 ROBOTINSTR: STORE TOKEN_PUNTO
   21           | COLLECT TOKEN_PUNTO
   22           | DROP TOKEN_PUNTO
   23           | MOVE TOKEN_PUNTO
   24           | READ TOKEN_PUNTO
   25           | SEND TOKEN_PUNTO

   26 STORE: TOKEN_STORE EXPRESSION
   27      | TOKEN_STORE CARACTER

   28 COLLECT: TOKEN_COLLECT
   29        | TOKEN_COLLECT TOKEN_AS ID

   30 DROP: TOKEN_DROP EXPRESSION
   31     | TOKEN_DROP CARACTER

   32 MOVE: DIRECTION ALGEXPRESSION

   33 READ: TOKEN_READ
   34     | TOKEN_READ TOKEN_AS ID

   35 SEND: TOKEN_SEND

   36 DIRECTION: TOKEN_UP
   37          | TOKEN_DOWN
   38          | TOKEN_LEFT
   39          | TOKEN_RIGHT

   40 EXECUTE: TOKEN_EXECUTE SECUENCIA_INSTRUC TOKEN_END

   41 SECUENCIA_INSTRUC: INSTRUCCION
   42                  | SECUENCIA_INSTRUC INSTRUCCION

   43 INSTRUCCION: ADVANCE
   44            | ACTIVATE
   45            | DEACTIVATE
   46            | CONDICIONAL
   47            | LOOP
   48            | INCORPALCANCE

   49 CONDICIONAL: TOKEN_IF BOOLEXPRESSION TOKEN_DOSPUNT SECUENCIA_INSTRUC ELSE TOKEN_END

   50 ELSE: TOKEN_ELSE TOKEN_DOSPUNT SECUENCIA_INSTRUC
   51     | %empty

   52 ACTIVATE: TOKEN_ACTIVATE LISTA_IDS TOKEN_PUNTO

   53 ADVANCE: TOKEN_ADVANCE LISTA_IDS TOKEN_PUNTO

   54 DEACTIVATE: TOKEN_DEACTIVATE LISTA_IDS TOKEN_PUNTO

   55 LOOP: TOKEN_WHILE BOOLEXPRESSION TOKEN_DOSPUNT SECUENCIA_INSTRUC TOKEN_END

   56 INCORPALCANCE: CREATE EXECUTE

   57 LISTA_IDS: ID
   58          | LISTA_IDS TOKEN_COMA ID

   59 EXPRESSION: ALGEXPRESSION
   60           | BOOLEXPRESSION

   61 BOOLEXPRESSION: TOKEN_PARABRE BOOLEXPRESSION TOKEN_PARCIERRA
   62               | TOKEN_NEG BOOLEXPRESSION
   63               | ALGEXPRESSION TOKEN_MENOR ALGEXPRESSION
   64               | ALGEXPRESSION TOKEN_MAYOR ALGEXPRESSION
   65               | ALGEXPRESSION TOKEN_MENORIG ALGEXPRESSION
   66               | ALGEXPRESSION TOKEN_MAYORIG ALGEXPRESSION
   67               | ALGEXPRESSION TOKEN_IGUAL ALGEXPRESSION
   68               | ALGEXPRESSION TOKEN_DESIGUAL ALGEXPRESSION
   69               | BOOLEXPRESSION TOKEN_CONJ BOOLEXPRESSION
   70               | BOOLEXPRESSION TOKEN_DISY BOOLEXPRESSION
   71               | BOOLEXPRESSION TOKEN_IGUAL BOOLEXPRESSION
   72               | BOOLEXPRESSION TOKEN_DESIGUAL BOOLEXPRESSION
   73               | TOKEN_TRUE
   74               | TOKEN_FALSE
   75               | ID

   76 ALGEXPRESSION: ALGEXPRESSION TOKEN_SUMA ALGEXPRESSION
   77              | ALGEXPRESSION TOKEN_MULT ALGEXPRESSION
   78              | ALGEXPRESSION TOKEN_RESTA ALGEXPRESSION
   79              | ALGEXPRESSION TOKEN_DIV ALGEXPRESSION
   80              | ALGEXPRESSION TOKEN_MOD ALGEXPRESSION
   81              | TOKEN_RESTA ALGEXPRESSION
   82              | TOKEN_PARABRE ALGEXPRESSION TOKEN_PARCIERRA
   83              | ID
   84              | NUM


Terminals, with rules where they appear

$end (0) 0
error (256)
NUM (258) 84
ID (259) 29 34 57 58 75 83
CARACTER (260) 27 31
TOKEN_TRUE (261) 73
TOKEN_FALSE (262) 74
TOKEN_PUNTO (263) 20 21 22 23 24 25 52 53 54
TOKEN_DOSPUNT (264) 12 14 49 50 55
TOKEN_PARABRE (265) 61 82
TOKEN_PARCIERRA (266) 61 82
TOKEN_SUMA (267) 76
TOKEN_RESTA (268) 78 81
TOKEN_MULT (269) 77
TOKEN_DIV (270) 79
TOKEN_MOD (271) 80
TOKEN_CONJ (272) 69
TOKEN_DISY (273) 70
TOKEN_NEG (274) 62
TOKEN_MENOR (275) 63
TOKEN_MAYOR (276) 64
TOKEN_MENORIG (277) 65
TOKEN_MAYORIG (278) 66
TOKEN_CREATE (279) 2
TOKEN_WHILE (280) 55
TOKEN_BOOL (281) 7
TOKEN_INT (282) 9
TOKEN_CHAR (283) 8
TOKEN_IF (284) 49
TOKEN_ELSE (285) 50
TOKEN_SEND (286) 35
TOKEN_EXECUTE (287) 40
TOKEN_ON (288) 12 14
TOKEN_STORE (289) 26 27
TOKEN_BOT (290) 5 6
TOKEN_DESIGUAL (291) 68 72
TOKEN_IGUAL (292) 67 71
TOKEN_COMA (293) 58
TOKEN_DEFAULT (294) 14
TOKEN_COLLECT (295) 28 29
TOKEN_DROP (296) 30 31
TOKEN_UP (297) 36
TOKEN_DOWN (298) 37
TOKEN_RIGHT (299) 39
TOKEN_LEFT (300) 38
TOKEN_READ (301) 33 34
TOKEN_AS (302) 29 34
TOKEN_RECEIVE (303)
TOKEN_ADVANCE (304) 53
TOKEN_ACTIVATE (305) 52
TOKEN_ACTIVATION (306) 15
TOKEN_DEACTIVATE (307) 54
TOKEN_DEACTIVATION (308) 16
TOKEN_END (309) 5 6 12 14 40 49 55


Nonterminals, with rules where they appear

$accept (55)
    on left: 0
PROGRAMA (56)
    on left: 1, on right: 0
CREATE (57)
    on left: 2, on right: 1 56
SECUENCIA_DECLAR (58)
    on left: 3 4, on right: 2 3
DECLARATION (59)
    on left: 5 6, on right: 3 4
TIPO (60)
    on left: 7 8 9, on right: 5 6
SECUENCIA_COMPORT (61)
    on left: 10 11, on right: 5 10
COMPORTAMIENTO (62)
    on left: 12 13, on right: 10 11
DEFAULTCOMP (63)
    on left: 14, on right: 13
CONDITION (64)
    on left: 15 16 17, on right: 12
SECUENCIA_ROBOTINSTR (65)
    on left: 18 19, on right: 12 14 18
ROBOTINSTR (66)
    on left: 20 21 22 23 24 25, on right: 18 19
STORE (67)
    on left: 26 27, on right: 20
COLLECT (68)
    on left: 28 29, on right: 21
DROP (69)
    on left: 30 31, on right: 22
MOVE (70)
    on left: 32, on right: 23
READ (71)
    on left: 33 34, on right: 24
SEND (72)
    on left: 35, on right: 25
DIRECTION (73)
    on left: 36 37 38 39, on right: 32
EXECUTE (74)
    on left: 40, on right: 1 56
SECUENCIA_INSTRUC (75)
    on left: 41 42, on right: 40 42 49 50 55
INSTRUCCION (76)
    on left: 43 44 45 46 47 48, on right: 41 42
CONDICIONAL (77)
    on left: 49, on right: 46
ELSE (78)
    on left: 50 51, on right: 49
ACTIVATE (79)
    on left: 52, on right: 44
ADVANCE (80)
    on left: 53, on right: 43
DEACTIVATE (81)
    on left: 54, on right: 45
LOOP (82)
    on left: 55, on right: 47
INCORPALCANCE (83)
    on left: 56, on right: 48
LISTA_IDS (84)
    on left: 57 58, on right: 5 6 52 53 54 58
EXPRESSION (85)
    on left: 59 60, on right: 26 30
BOOLEXPRESSION (86)
    on left: 61 62 63 64 65 66 67 68 69 70 71 72 73 74 75, on right:
    17 49 55 60 61 62 69 70 71 72
ALGEXPRESSION (87)
    on left: 76 77 78 79 80 81 82 83 84, on right: 32 59 63 64 65 66
    67 68 76 77 78 79 80 81 82


State 0

    0 $accept: . PROGRAMA $end

    TOKEN_CREATE  shift, and go to state 1

    PROGRAMA  go to state 2
    CREATE    go to state 3


State 1

    2 CREATE: TOKEN_CREATE . SECUENCIA_DECLAR

    TOKEN_BOOL  shift, and go to state 4
    TOKEN_INT   shift, and go to state 5
    TOKEN_CHAR  shift, and go to state 6

    SECUENCIA_DECLAR  go to state 7
    DECLARATION       go to state 8
    TIPO              go to state 9


State 2

    0 $accept: PROGRAMA . $end

    $end  shift, and go to state 10


State 3

    1 PROGRAMA: CREATE . EXECUTE

    TOKEN_EXECUTE  shift, and go to state 11

    EXECUTE  go to state 12


State 4

    7 TIPO: TOKEN_BOOL .

    $default  reduce using rule 7 (TIPO)


State 5

    9 TIPO: TOKEN_INT .

    $default  reduce using rule 9 (TIPO)


State 6

    8 TIPO: TOKEN_CHAR .

    $default  reduce using rule 8 (TIPO)


State 7

    2 CREATE: TOKEN_CREATE SECUENCIA_DECLAR .
    3 SECUENCIA_DECLAR: SECUENCIA_DECLAR . DECLARATION

    TOKEN_BOOL  shift, and go to state 4
    TOKEN_INT   shift, and go to state 5
    TOKEN_CHAR  shift, and go to state 6

    $default  reduce using rule 2 (CREATE)

    DECLARATION  go to state 13
    TIPO         go to state 9


State 8

    4 SECUENCIA_DECLAR: DECLARATION .

    $default  reduce using rule 4 (SECUENCIA_DECLAR)


State 9

    5 DECLARATION: TIPO . TOKEN_BOT LISTA_IDS SECUENCIA_COMPORT TOKEN_END
    6            | TIPO . TOKEN_BOT LISTA_IDS TOKEN_END

    TOKEN_BOT  shift, and go to state 14


State 10

    0 $accept: PROGRAMA $end .

    $default  accept


State 11

   40 EXECUTE: TOKEN_EXECUTE . SECUENCIA_INSTRUC TOKEN_END

    TOKEN_CREATE      shift, and go to state 1
    TOKEN_WHILE       shift, and go to state 15
    TOKEN_IF          shift, and go to state 16
    TOKEN_ADVANCE     shift, and go to state 17
    TOKEN_ACTIVATE    shift, and go to state 18
    TOKEN_DEACTIVATE  shift, and go to state 19

    CREATE             go to state 20
    SECUENCIA_INSTRUC  go to state 21
    INSTRUCCION        go to state 22
    CONDICIONAL        go to state 23
    ACTIVATE           go to state 24
    ADVANCE            go to state 25
    DEACTIVATE         go to state 26
    LOOP               go to state 27
    INCORPALCANCE      go to state 28


State 12

    1 PROGRAMA: CREATE EXECUTE .

    $default  reduce using rule 1 (PROGRAMA)


State 13

    3 SECUENCIA_DECLAR: SECUENCIA_DECLAR DECLARATION .

    $default  reduce using rule 3 (SECUENCIA_DECLAR)


State 14

    5 DECLARATION: TIPO TOKEN_BOT . LISTA_IDS SECUENCIA_COMPORT TOKEN_END
    6            | TIPO TOKEN_BOT . LISTA_IDS TOKEN_END

    ID  shift, and go to state 29

    LISTA_IDS  go to state 30


State 15

   55 LOOP: TOKEN_WHILE . BOOLEXPRESSION TOKEN_DOSPUNT SECUENCIA_INSTRUC TOKEN_END

    NUM            shift, and go to state 31
    ID             shift, and go to state 32
    TOKEN_TRUE     shift, and go to state 33
    TOKEN_FALSE    shift, and go to state 34
    TOKEN_PARABRE  shift, and go to state 35
    TOKEN_RESTA    shift, and go to state 36
    TOKEN_NEG      shift, and go to state 37

    BOOLEXPRESSION  go to state 38
    ALGEXPRESSION   go to state 39


State 16

   49 CONDICIONAL: TOKEN_IF . BOOLEXPRESSION TOKEN_DOSPUNT SECUENCIA_INSTRUC ELSE TOKEN_END

    NUM            shift, and go to state 31
    ID             shift, and go to state 32
    TOKEN_TRUE     shift, and go to state 33
    TOKEN_FALSE    shift, and go to state 34
    TOKEN_PARABRE  shift, and go to state 35
    TOKEN_RESTA    shift, and go to state 36
    TOKEN_NEG      shift, and go to state 37

    BOOLEXPRESSION  go to state 40
    ALGEXPRESSION   go to state 39


State 17

   53 ADVANCE: TOKEN_ADVANCE . LISTA_IDS TOKEN_PUNTO

    ID  shift, and go to state 29

    LISTA_IDS  go to state 41


State 18

   52 ACTIVATE: TOKEN_ACTIVATE . LISTA_IDS TOKEN_PUNTO

    ID  shift, and go to state 29

    LISTA_IDS  go to state 42


State 19

   54 DEACTIVATE: TOKEN_DEACTIVATE . LISTA_IDS TOKEN_PUNTO

    ID  shift, and go to state 29

    LISTA_IDS  go to state 43


State 20

   56 INCORPALCANCE: CREATE . EXECUTE

    TOKEN_EXECUTE  shift, and go to state 11

    EXECUTE  go to state 44


State 21

   40 EXECUTE: TOKEN_EXECUTE SECUENCIA_INSTRUC . TOKEN_END
   42 SECUENCIA_INSTRUC: SECUENCIA_INSTRUC . INSTRUCCION

    TOKEN_CREATE      shift, and go to state 1
    TOKEN_WHILE       shift, and go to state 15
    TOKEN_IF          shift, and go to state 16
    TOKEN_ADVANCE     shift, and go to state 17
    TOKEN_ACTIVATE    shift, and go to state 18
    TOKEN_DEACTIVATE  shift, and go to state 19
    TOKEN_END         shift, and go to state 45

    CREATE         go to state 20
    INSTRUCCION    go to state 46
    CONDICIONAL    go to state 23
    ACTIVATE       go to state 24
    ADVANCE        go to state 25
    DEACTIVATE     go to state 26
    LOOP           go to state 27
    INCORPALCANCE  go to state 28


State 22

   41 SECUENCIA_INSTRUC: INSTRUCCION .

    $default  reduce using rule 41 (SECUENCIA_INSTRUC)


State 23

   46 INSTRUCCION: CONDICIONAL .

    $default  reduce using rule 46 (INSTRUCCION)


State 24

   44 INSTRUCCION: ACTIVATE .

    $default  reduce using rule 44 (INSTRUCCION)


State 25

   43 INSTRUCCION: ADVANCE .

    $default  reduce using rule 43 (INSTRUCCION)


State 26

   45 INSTRUCCION: DEACTIVATE .

    $default  reduce using rule 45 (INSTRUCCION)


State 27

   47 INSTRUCCION: LOOP .

    $default  reduce using rule 47 (INSTRUCCION)


State 28

   48 INSTRUCCION: INCORPALCANCE .

    $default  reduce using rule 48 (INSTRUCCION)


State 29

   57 LISTA_IDS: ID .

    $default  reduce using rule 57 (LISTA_IDS)


State 30

    5 DECLARATION: TIPO TOKEN_BOT LISTA_IDS . SECUENCIA_COMPORT TOKEN_END
    6            | TIPO TOKEN_BOT LISTA_IDS . TOKEN_END
   58 LISTA_IDS: LISTA_IDS . TOKEN_COMA ID

    TOKEN_ON    shift, and go to state 47
    TOKEN_COMA  shift, and go to state 48
    TOKEN_END   shift, and go to state 49

    SECUENCIA_COMPORT  go to state 50
    COMPORTAMIENTO     go to state 51
    DEFAULTCOMP        go to state 52


State 31

   84 ALGEXPRESSION: NUM .

    $default  reduce using rule 84 (ALGEXPRESSION)


State 32

   75 BOOLEXPRESSION: ID .
   83 ALGEXPRESSION: ID .

    TOKEN_PUNTO      reduce using rule 75 (BOOLEXPRESSION)
    TOKEN_PUNTO      [reduce using rule 83 (ALGEXPRESSION)]
    TOKEN_DOSPUNT    reduce using rule 75 (BOOLEXPRESSION)
    TOKEN_PARCIERRA  reduce using rule 75 (BOOLEXPRESSION)
    TOKEN_PARCIERRA  [reduce using rule 83 (ALGEXPRESSION)]
    TOKEN_CONJ       reduce using rule 75 (BOOLEXPRESSION)
    TOKEN_DISY       reduce using rule 75 (BOOLEXPRESSION)
    TOKEN_DESIGUAL   reduce using rule 75 (BOOLEXPRESSION)
    TOKEN_DESIGUAL   [reduce using rule 83 (ALGEXPRESSION)]
    TOKEN_IGUAL      reduce using rule 75 (BOOLEXPRESSION)
    TOKEN_IGUAL      [reduce using rule 83 (ALGEXPRESSION)]
    $default         reduce using rule 83 (ALGEXPRESSION)


State 33

   73 BOOLEXPRESSION: TOKEN_TRUE .

    $default  reduce using rule 73 (BOOLEXPRESSION)


State 34

   74 BOOLEXPRESSION: TOKEN_FALSE .

    $default  reduce using rule 74 (BOOLEXPRESSION)


State 35

   61 BOOLEXPRESSION: TOKEN_PARABRE . BOOLEXPRESSION TOKEN_PARCIERRA
   82 ALGEXPRESSION: TOKEN_PARABRE . ALGEXPRESSION TOKEN_PARCIERRA

    NUM            shift, and go to state 31
    ID             shift, and go to state 32
    TOKEN_TRUE     shift, and go to state 33
    TOKEN_FALSE    shift, and go to state 34
    TOKEN_PARABRE  shift, and go to state 35
    TOKEN_RESTA    shift, and go to state 36
    TOKEN_NEG      shift, and go to state 37

    BOOLEXPRESSION  go to state 53
    ALGEXPRESSION   go to state 54


State 36

   81 ALGEXPRESSION: TOKEN_RESTA . ALGEXPRESSION

    NUM            shift, and go to state 31
    ID             shift, and go to state 55
    TOKEN_PARABRE  shift, and go to state 56
    TOKEN_RESTA    shift, and go to state 36

    ALGEXPRESSION  go to state 57


State 37

   62 BOOLEXPRESSION: TOKEN_NEG . BOOLEXPRESSION

    NUM            shift, and go to state 31
    ID             shift, and go to state 32
    TOKEN_TRUE     shift, and go to state 33
    TOKEN_FALSE    shift, and go to state 34
    TOKEN_PARABRE  shift, and go to state 35
    TOKEN_RESTA    shift, and go to state 36
    TOKEN_NEG      shift, and go to state 37

    BOOLEXPRESSION  go to state 58
    ALGEXPRESSION   go to state 39


State 38

   55 LOOP: TOKEN_WHILE BOOLEXPRESSION . TOKEN_DOSPUNT SECUENCIA_INSTRUC TOKEN_END
   69 BOOLEXPRESSION: BOOLEXPRESSION . TOKEN_CONJ BOOLEXPRESSION
   70               | BOOLEXPRESSION . TOKEN_DISY BOOLEXPRESSION
   71               | BOOLEXPRESSION . TOKEN_IGUAL BOOLEXPRESSION
   72               | BOOLEXPRESSION . TOKEN_DESIGUAL BOOLEXPRESSION

    TOKEN_DOSPUNT   shift, and go to state 59
    TOKEN_CONJ      shift, and go to state 60
    TOKEN_DISY      shift, and go to state 61
    TOKEN_DESIGUAL  shift, and go to state 62
    TOKEN_IGUAL     shift, and go to state 63


State 39

   63 BOOLEXPRESSION: ALGEXPRESSION . TOKEN_MENOR ALGEXPRESSION
   64               | ALGEXPRESSION . TOKEN_MAYOR ALGEXPRESSION
   65               | ALGEXPRESSION . TOKEN_MENORIG ALGEXPRESSION
   66               | ALGEXPRESSION . TOKEN_MAYORIG ALGEXPRESSION
   67               | ALGEXPRESSION . TOKEN_IGUAL ALGEXPRESSION
   68               | ALGEXPRESSION . TOKEN_DESIGUAL ALGEXPRESSION
   76 ALGEXPRESSION: ALGEXPRESSION . TOKEN_SUMA ALGEXPRESSION
   77              | ALGEXPRESSION . TOKEN_MULT ALGEXPRESSION
   78              | ALGEXPRESSION . TOKEN_RESTA ALGEXPRESSION
   79              | ALGEXPRESSION . TOKEN_DIV ALGEXPRESSION
   80              | ALGEXPRESSION . TOKEN_MOD ALGEXPRESSION

    TOKEN_SUMA      shift, and go to state 64
    TOKEN_RESTA     shift, and go to state 65
    TOKEN_MULT      shift, and go to state 66
    TOKEN_DIV       shift, and go to state 67
    TOKEN_MOD       shift, and go to state 68
    TOKEN_MENOR     shift, and go to state 69
    TOKEN_MAYOR     shift, and go to state 70
    TOKEN_MENORIG   shift, and go to state 71
    TOKEN_MAYORIG   shift, and go to state 72
    TOKEN_DESIGUAL  shift, and go to state 73
    TOKEN_IGUAL     shift, and go to state 74


State 40

   49 CONDICIONAL: TOKEN_IF BOOLEXPRESSION . TOKEN_DOSPUNT SECUENCIA_INSTRUC ELSE TOKEN_END
   69 BOOLEXPRESSION: BOOLEXPRESSION . TOKEN_CONJ BOOLEXPRESSION
   70               | BOOLEXPRESSION . TOKEN_DISY BOOLEXPRESSION
   71               | BOOLEXPRESSION . TOKEN_IGUAL BOOLEXPRESSION
   72               | BOOLEXPRESSION . TOKEN_DESIGUAL BOOLEXPRESSION

    TOKEN_DOSPUNT   shift, and go to state 75
    TOKEN_CONJ      shift, and go to state 60
    TOKEN_DISY      shift, and go to state 61
    TOKEN_DESIGUAL  shift, and go to state 62
    TOKEN_IGUAL     shift, and go to state 63


State 41

   53 ADVANCE: TOKEN_ADVANCE LISTA_IDS . TOKEN_PUNTO
   58 LISTA_IDS: LISTA_IDS . TOKEN_COMA ID

    TOKEN_PUNTO  shift, and go to state 76
    TOKEN_COMA   shift, and go to state 48


State 42

   52 ACTIVATE: TOKEN_ACTIVATE LISTA_IDS . TOKEN_PUNTO
   58 LISTA_IDS: LISTA_IDS . TOKEN_COMA ID

    TOKEN_PUNTO  shift, and go to state 77
    TOKEN_COMA   shift, and go to state 48


State 43

   54 DEACTIVATE: TOKEN_DEACTIVATE LISTA_IDS . TOKEN_PUNTO
   58 LISTA_IDS: LISTA_IDS . TOKEN_COMA ID

    TOKEN_PUNTO  shift, and go to state 78
    TOKEN_COMA   shift, and go to state 48


State 44

   56 INCORPALCANCE: CREATE EXECUTE .

    $default  reduce using rule 56 (INCORPALCANCE)


State 45

   40 EXECUTE: TOKEN_EXECUTE SECUENCIA_INSTRUC TOKEN_END .

    $default  reduce using rule 40 (EXECUTE)


State 46

   42 SECUENCIA_INSTRUC: SECUENCIA_INSTRUC INSTRUCCION .

    $default  reduce using rule 42 (SECUENCIA_INSTRUC)


State 47

   12 COMPORTAMIENTO: TOKEN_ON . CONDITION TOKEN_DOSPUNT SECUENCIA_ROBOTINSTR TOKEN_END
   14 DEFAULTCOMP: TOKEN_ON . TOKEN_DEFAULT TOKEN_DOSPUNT SECUENCIA_ROBOTINSTR TOKEN_END

    NUM                 shift, and go to state 31
    ID                  shift, and go to state 32
    TOKEN_TRUE          shift, and go to state 33
    TOKEN_FALSE         shift, and go to state 34
    TOKEN_PARABRE       shift, and go to state 35
    TOKEN_RESTA         shift, and go to state 36
    TOKEN_NEG           shift, and go to state 37
    TOKEN_DEFAULT       shift, and go to state 79
    TOKEN_ACTIVATION    shift, and go to state 80
    TOKEN_DEACTIVATION  shift, and go to state 81

    CONDITION       go to state 82
    BOOLEXPRESSION  go to state 83
    ALGEXPRESSION   go to state 39


State 48

   58 LISTA_IDS: LISTA_IDS TOKEN_COMA . ID

    ID  shift, and go to state 84


State 49

    6 DECLARATION: TIPO TOKEN_BOT LISTA_IDS TOKEN_END .

    $default  reduce using rule 6 (DECLARATION)


State 50

    5 DECLARATION: TIPO TOKEN_BOT LISTA_IDS SECUENCIA_COMPORT . TOKEN_END
   10 SECUENCIA_COMPORT: SECUENCIA_COMPORT . COMPORTAMIENTO

    TOKEN_ON   shift, and go to state 47
    TOKEN_END  shift, and go to state 85

    COMPORTAMIENTO  go to state 86
    DEFAULTCOMP     go to state 52


State 51

   11 SECUENCIA_COMPORT: COMPORTAMIENTO .

    $default  reduce using rule 11 (SECUENCIA_COMPORT)


State 52

   13 COMPORTAMIENTO: DEFAULTCOMP .

    $default  reduce using rule 13 (COMPORTAMIENTO)


State 53

   61 BOOLEXPRESSION: TOKEN_PARABRE BOOLEXPRESSION . TOKEN_PARCIERRA
   69               | BOOLEXPRESSION . TOKEN_CONJ BOOLEXPRESSION
   70               | BOOLEXPRESSION . TOKEN_DISY BOOLEXPRESSION
   71               | BOOLEXPRESSION . TOKEN_IGUAL BOOLEXPRESSION
   72               | BOOLEXPRESSION . TOKEN_DESIGUAL BOOLEXPRESSION

    TOKEN_PARCIERRA  shift, and go to state 87
    TOKEN_CONJ       shift, and go to state 60
    TOKEN_DISY       shift, and go to state 61
    TOKEN_DESIGUAL   shift, and go to state 62
    TOKEN_IGUAL      shift, and go to state 63


State 54

   63 BOOLEXPRESSION: ALGEXPRESSION . TOKEN_MENOR ALGEXPRESSION
   64               | ALGEXPRESSION . TOKEN_MAYOR ALGEXPRESSION
   65               | ALGEXPRESSION . TOKEN_MENORIG ALGEXPRESSION
   66               | ALGEXPRESSION . TOKEN_MAYORIG ALGEXPRESSION
   67               | ALGEXPRESSION . TOKEN_IGUAL ALGEXPRESSION
   68               | ALGEXPRESSION . TOKEN_DESIGUAL ALGEXPRESSION
   76 ALGEXPRESSION: ALGEXPRESSION . TOKEN_SUMA ALGEXPRESSION
   77              | ALGEXPRESSION . TOKEN_MULT ALGEXPRESSION
   78              | ALGEXPRESSION . TOKEN_RESTA ALGEXPRESSION
   79              | ALGEXPRESSION . TOKEN_DIV ALGEXPRESSION
   80              | ALGEXPRESSION . TOKEN_MOD ALGEXPRESSION
   82              | TOKEN_PARABRE ALGEXPRESSION . TOKEN_PARCIERRA

    TOKEN_PARCIERRA  shift, and go to state 88
    TOKEN_SUMA       shift, and go to state 64
    TOKEN_RESTA      shift, and go to state 65
    TOKEN_MULT       shift, and go to state 66
    TOKEN_DIV        shift, and go to state 67
    TOKEN_MOD        shift, and go to state 68
    TOKEN_MENOR      shift, and go to state 69
    TOKEN_MAYOR      shift, and go to state 70
    TOKEN_MENORIG    shift, and go to state 71
    TOKEN_MAYORIG    shift, and go to state 72
    TOKEN_DESIGUAL   shift, and go to state 73
    TOKEN_IGUAL      shift, and go to state 74


State 55

   83 ALGEXPRESSION: ID .

    $default  reduce using rule 83 (ALGEXPRESSION)


State 56

   82 ALGEXPRESSION: TOKEN_PARABRE . ALGEXPRESSION TOKEN_PARCIERRA

    NUM            shift, and go to state 31
    ID             shift, and go to state 55
    TOKEN_PARABRE  shift, and go to state 56
    TOKEN_RESTA    shift, and go to state 36

    ALGEXPRESSION  go to state 89


State 57

   76 ALGEXPRESSION: ALGEXPRESSION . TOKEN_SUMA ALGEXPRESSION
   77              | ALGEXPRESSION . TOKEN_MULT ALGEXPRESSION
   78              | ALGEXPRESSION . TOKEN_RESTA ALGEXPRESSION
   79              | ALGEXPRESSION . TOKEN_DIV ALGEXPRESSION
   80              | ALGEXPRESSION . TOKEN_MOD ALGEXPRESSION
   81              | TOKEN_RESTA ALGEXPRESSION .

    TOKEN_MULT  shift, and go to state 66
    TOKEN_DIV   shift, and go to state 67
    TOKEN_MOD   shift, and go to state 68

    $default  reduce using rule 81 (ALGEXPRESSION)


State 58

   62 BOOLEXPRESSION: TOKEN_NEG BOOLEXPRESSION .
   69               | BOOLEXPRESSION . TOKEN_CONJ BOOLEXPRESSION
   70               | BOOLEXPRESSION . TOKEN_DISY BOOLEXPRESSION
   71               | BOOLEXPRESSION . TOKEN_IGUAL BOOLEXPRESSION
   72               | BOOLEXPRESSION . TOKEN_DESIGUAL BOOLEXPRESSION

    $default  reduce using rule 62 (BOOLEXPRESSION)


State 59

   55 LOOP: TOKEN_WHILE BOOLEXPRESSION TOKEN_DOSPUNT . SECUENCIA_INSTRUC TOKEN_END

    TOKEN_CREATE      shift, and go to state 1
    TOKEN_WHILE       shift, and go to state 15
    TOKEN_IF          shift, and go to state 16
    TOKEN_ADVANCE     shift, and go to state 17
    TOKEN_ACTIVATE    shift, and go to state 18
    TOKEN_DEACTIVATE  shift, and go to state 19

    CREATE             go to state 20
    SECUENCIA_INSTRUC  go to state 90
    INSTRUCCION        go to state 22
    CONDICIONAL        go to state 23
    ACTIVATE           go to state 24
    ADVANCE            go to state 25
    DEACTIVATE         go to state 26
    LOOP               go to state 27
    INCORPALCANCE      go to state 28


State 60

   69 BOOLEXPRESSION: BOOLEXPRESSION TOKEN_CONJ . BOOLEXPRESSION

    NUM            shift, and go to state 31
    ID             shift, and go to state 32
    TOKEN_TRUE     shift, and go to state 33
    TOKEN_FALSE    shift, and go to state 34
    TOKEN_PARABRE  shift, and go to state 35
    TOKEN_RESTA    shift, and go to state 36
    TOKEN_NEG      shift, and go to state 37

    BOOLEXPRESSION  go to state 91
    ALGEXPRESSION   go to state 39


State 61

   70 BOOLEXPRESSION: BOOLEXPRESSION TOKEN_DISY . BOOLEXPRESSION

    NUM            shift, and go to state 31
    ID             shift, and go to state 32
    TOKEN_TRUE     shift, and go to state 33
    TOKEN_FALSE    shift, and go to state 34
    TOKEN_PARABRE  shift, and go to state 35
    TOKEN_RESTA    shift, and go to state 36
    TOKEN_NEG      shift, and go to state 37

    BOOLEXPRESSION  go to state 92
    ALGEXPRESSION   go to state 39


State 62

   72 BOOLEXPRESSION: BOOLEXPRESSION TOKEN_DESIGUAL . BOOLEXPRESSION

    NUM            shift, and go to state 31
    ID             shift, and go to state 32
    TOKEN_TRUE     shift, and go to state 33
    TOKEN_FALSE    shift, and go to state 34
    TOKEN_PARABRE  shift, and go to state 35
    TOKEN_RESTA    shift, and go to state 36
    TOKEN_NEG      shift, and go to state 37

    BOOLEXPRESSION  go to state 93
    ALGEXPRESSION   go to state 39


State 63

   71 BOOLEXPRESSION: BOOLEXPRESSION TOKEN_IGUAL . BOOLEXPRESSION

    NUM            shift, and go to state 31
    ID             shift, and go to state 32
    TOKEN_TRUE     shift, and go to state 33
    TOKEN_FALSE    shift, and go to state 34
    TOKEN_PARABRE  shift, and go to state 35
    TOKEN_RESTA    shift, and go to state 36
    TOKEN_NEG      shift, and go to state 37

    BOOLEXPRESSION  go to state 94
    ALGEXPRESSION   go to state 39


State 64

   76 ALGEXPRESSION: ALGEXPRESSION TOKEN_SUMA . ALGEXPRESSION

    NUM            shift, and go to state 31
    ID             shift, and go to state 55
    TOKEN_PARABRE  shift, and go to state 56
    TOKEN_RESTA    shift, and go to state 36

    ALGEXPRESSION  go to state 95


State 65

   78 ALGEXPRESSION: ALGEXPRESSION TOKEN_RESTA . ALGEXPRESSION

    NUM            shift, and go to state 31
    ID             shift, and go to state 55
    TOKEN_PARABRE  shift, and go to state 56
    TOKEN_RESTA    shift, and go to state 36

    ALGEXPRESSION  go to state 96


State 66

   77 ALGEXPRESSION: ALGEXPRESSION TOKEN_MULT . ALGEXPRESSION

    NUM            shift, and go to state 31
    ID             shift, and go to state 55
    TOKEN_PARABRE  shift, and go to state 56
    TOKEN_RESTA    shift, and go to state 36

    ALGEXPRESSION  go to state 97


State 67

   79 ALGEXPRESSION: ALGEXPRESSION TOKEN_DIV . ALGEXPRESSION

    NUM            shift, and go to state 31
    ID             shift, and go to state 55
    TOKEN_PARABRE  shift, and go to state 56
    TOKEN_RESTA    shift, and go to state 36

    ALGEXPRESSION  go to state 98


State 68

   80 ALGEXPRESSION: ALGEXPRESSION TOKEN_MOD . ALGEXPRESSION

    NUM            shift, and go to state 31
    ID             shift, and go to state 55
    TOKEN_PARABRE  shift, and go to state 56
    TOKEN_RESTA    shift, and go to state 36

    ALGEXPRESSION  go to state 99


State 69

   63 BOOLEXPRESSION: ALGEXPRESSION TOKEN_MENOR . ALGEXPRESSION

    NUM            shift, and go to state 31
    ID             shift, and go to state 55
    TOKEN_PARABRE  shift, and go to state 56
    TOKEN_RESTA    shift, and go to state 36

    ALGEXPRESSION  go to state 100


State 70

   64 BOOLEXPRESSION: ALGEXPRESSION TOKEN_MAYOR . ALGEXPRESSION

    NUM            shift, and go to state 31
    ID             shift, and go to state 55
    TOKEN_PARABRE  shift, and go to state 56
    TOKEN_RESTA    shift, and go to state 36

    ALGEXPRESSION  go to state 101


State 71

   65 BOOLEXPRESSION: ALGEXPRESSION TOKEN_MENORIG . ALGEXPRESSION

    NUM            shift, and go to state 31
    ID             shift, and go to state 55
    TOKEN_PARABRE  shift, and go to state 56
    TOKEN_RESTA    shift, and go to state 36

    ALGEXPRESSION  go to state 102


State 72

   66 BOOLEXPRESSION: ALGEXPRESSION TOKEN_MAYORIG . ALGEXPRESSION

    NUM            shift, and go to state 31
    ID             shift, and go to state 55
    TOKEN_PARABRE  shift, and go to state 56
    TOKEN_RESTA    shift, and go to state 36

    ALGEXPRESSION  go to state 103


State 73

   68 BOOLEXPRESSION: ALGEXPRESSION TOKEN_DESIGUAL . ALGEXPRESSION

    NUM            shift, and go to state 31
    ID             shift, and go to state 55
    TOKEN_PARABRE  shift, and go to state 56
    TOKEN_RESTA    shift, and go to state 36

    ALGEXPRESSION  go to state 104


State 74

   67 BOOLEXPRESSION: ALGEXPRESSION TOKEN_IGUAL . ALGEXPRESSION

    NUM            shift, and go to state 31
    ID             shift, and go to state 55
    TOKEN_PARABRE  shift, and go to state 56
    TOKEN_RESTA    shift, and go to state 36

    ALGEXPRESSION  go to state 105


State 75

   49 CONDICIONAL: TOKEN_IF BOOLEXPRESSION TOKEN_DOSPUNT . SECUENCIA_INSTRUC ELSE TOKEN_END

    TOKEN_CREATE      shift, and go to state 1
    TOKEN_WHILE       shift, and go to state 15
    TOKEN_IF          shift, and go to state 16
    TOKEN_ADVANCE     shift, and go to state 17
    TOKEN_ACTIVATE    shift, and go to state 18
    TOKEN_DEACTIVATE  shift, and go to state 19

    CREATE             go to state 20
    SECUENCIA_INSTRUC  go to state 106
    INSTRUCCION        go to state 22
    CONDICIONAL        go to state 23
    ACTIVATE           go to state 24
    ADVANCE            go to state 25
    DEACTIVATE         go to state 26
    LOOP               go to state 27
    INCORPALCANCE      go to state 28


State 76

   53 ADVANCE: TOKEN_ADVANCE LISTA_IDS TOKEN_PUNTO .

    $default  reduce using rule 53 (ADVANCE)


State 77

   52 ACTIVATE: TOKEN_ACTIVATE LISTA_IDS TOKEN_PUNTO .

    $default  reduce using rule 52 (ACTIVATE)


State 78

   54 DEACTIVATE: TOKEN_DEACTIVATE LISTA_IDS TOKEN_PUNTO .

    $default  reduce using rule 54 (DEACTIVATE)


State 79

   14 DEFAULTCOMP: TOKEN_ON TOKEN_DEFAULT . TOKEN_DOSPUNT SECUENCIA_ROBOTINSTR TOKEN_END

    TOKEN_DOSPUNT  shift, and go to state 107


State 80

   15 CONDITION: TOKEN_ACTIVATION .

    $default  reduce using rule 15 (CONDITION)


State 81

   16 CONDITION: TOKEN_DEACTIVATION .

    $default  reduce using rule 16 (CONDITION)


State 82

   12 COMPORTAMIENTO: TOKEN_ON CONDITION . TOKEN_DOSPUNT SECUENCIA_ROBOTINSTR TOKEN_END

    TOKEN_DOSPUNT  shift, and go to state 108


State 83

   17 CONDITION: BOOLEXPRESSION .
   69 BOOLEXPRESSION: BOOLEXPRESSION . TOKEN_CONJ BOOLEXPRESSION
   70               | BOOLEXPRESSION . TOKEN_DISY BOOLEXPRESSION
   71               | BOOLEXPRESSION . TOKEN_IGUAL BOOLEXPRESSION
   72               | BOOLEXPRESSION . TOKEN_DESIGUAL BOOLEXPRESSION

    TOKEN_CONJ      shift, and go to state 60
    TOKEN_DISY      shift, and go to state 61
    TOKEN_DESIGUAL  shift, and go to state 62
    TOKEN_IGUAL     shift, and go to state 63

    $default  reduce using rule 17 (CONDITION)


State 84

   58 LISTA_IDS: LISTA_IDS TOKEN_COMA ID .

    $default  reduce using rule 58 (LISTA_IDS)


State 85

    5 DECLARATION: TIPO TOKEN_BOT LISTA_IDS SECUENCIA_COMPORT TOKEN_END .

    $default  reduce using rule 5 (DECLARATION)


State 86

   10 SECUENCIA_COMPORT: SECUENCIA_COMPORT COMPORTAMIENTO .

    $default  reduce using rule 10 (SECUENCIA_COMPORT)


State 87

   61 BOOLEXPRESSION: TOKEN_PARABRE BOOLEXPRESSION TOKEN_PARCIERRA .

    $default  reduce using rule 61 (BOOLEXPRESSION)


State 88

   82 ALGEXPRESSION: TOKEN_PARABRE ALGEXPRESSION TOKEN_PARCIERRA .

    $default  reduce using rule 82 (ALGEXPRESSION)


State 89

   76 ALGEXPRESSION: ALGEXPRESSION . TOKEN_SUMA ALGEXPRESSION
   77              | ALGEXPRESSION . TOKEN_MULT ALGEXPRESSION
   78              | ALGEXPRESSION . TOKEN_RESTA ALGEXPRESSION
   79              | ALGEXPRESSION . TOKEN_DIV ALGEXPRESSION
   80              | ALGEXPRESSION . TOKEN_MOD ALGEXPRESSION
   82              | TOKEN_PARABRE ALGEXPRESSION . TOKEN_PARCIERRA

    TOKEN_PARCIERRA  shift, and go to state 88
    TOKEN_SUMA       shift, and go to state 64
    TOKEN_RESTA      shift, and go to state 65
    TOKEN_MULT       shift, and go to state 66
    TOKEN_DIV        shift, and go to state 67
    TOKEN_MOD        shift, and go to state 68


State 90

   42 SECUENCIA_INSTRUC: SECUENCIA_INSTRUC . INSTRUCCION
   55 LOOP: TOKEN_WHILE BOOLEXPRESSION TOKEN_DOSPUNT SECUENCIA_INSTRUC . TOKEN_END

    TOKEN_CREATE      shift, and go to state 1
    TOKEN_WHILE       shift, and go to state 15
    TOKEN_IF          shift, and go to state 16
    TOKEN_ADVANCE     shift, and go to state 17
    TOKEN_ACTIVATE    shift, and go to state 18
    TOKEN_DEACTIVATE  shift, and go to state 19
    TOKEN_END         shift, and go to state 109

    CREATE         go to state 20
    INSTRUCCION    go to state 46
    CONDICIONAL    go to state 23
    ACTIVATE       go to state 24
    ADVANCE        go to state 25
    DEACTIVATE     go to state 26
    LOOP           go to state 27
    INCORPALCANCE  go to state 28


State 91

   69 BOOLEXPRESSION: BOOLEXPRESSION . TOKEN_CONJ BOOLEXPRESSION
   69               | BOOLEXPRESSION TOKEN_CONJ BOOLEXPRESSION .
   70               | BOOLEXPRESSION . TOKEN_DISY BOOLEXPRESSION
   71               | BOOLEXPRESSION . TOKEN_IGUAL BOOLEXPRESSION
   72               | BOOLEXPRESSION . TOKEN_DESIGUAL BOOLEXPRESSION

    $default  reduce using rule 69 (BOOLEXPRESSION)


State 92

   69 BOOLEXPRESSION: BOOLEXPRESSION . TOKEN_CONJ BOOLEXPRESSION
   70               | BOOLEXPRESSION . TOKEN_DISY BOOLEXPRESSION
   70               | BOOLEXPRESSION TOKEN_DISY BOOLEXPRESSION .
   71               | BOOLEXPRESSION . TOKEN_IGUAL BOOLEXPRESSION
   72               | BOOLEXPRESSION . TOKEN_DESIGUAL BOOLEXPRESSION

    TOKEN_CONJ  shift, and go to state 60

    $default  reduce using rule 70 (BOOLEXPRESSION)


State 93

   69 BOOLEXPRESSION: BOOLEXPRESSION . TOKEN_CONJ BOOLEXPRESSION
   70               | BOOLEXPRESSION . TOKEN_DISY BOOLEXPRESSION
   71               | BOOLEXPRESSION . TOKEN_IGUAL BOOLEXPRESSION
   72               | BOOLEXPRESSION . TOKEN_DESIGUAL BOOLEXPRESSION
   72               | BOOLEXPRESSION TOKEN_DESIGUAL BOOLEXPRESSION .

    TOKEN_CONJ  shift, and go to state 60
    TOKEN_DISY  shift, and go to state 61

    TOKEN_DESIGUAL  error (nonassociative)
    TOKEN_IGUAL     error (nonassociative)

    $default  reduce using rule 72 (BOOLEXPRESSION)


State 94

   69 BOOLEXPRESSION: BOOLEXPRESSION . TOKEN_CONJ BOOLEXPRESSION
   70               | BOOLEXPRESSION . TOKEN_DISY BOOLEXPRESSION
   71               | BOOLEXPRESSION . TOKEN_IGUAL BOOLEXPRESSION
   71               | BOOLEXPRESSION TOKEN_IGUAL BOOLEXPRESSION .
   72               | BOOLEXPRESSION . TOKEN_DESIGUAL BOOLEXPRESSION

    TOKEN_CONJ  shift, and go to state 60
    TOKEN_DISY  shift, and go to state 61

    TOKEN_DESIGUAL  error (nonassociative)
    TOKEN_IGUAL     error (nonassociative)

    $default  reduce using rule 71 (BOOLEXPRESSION)


State 95

   76 ALGEXPRESSION: ALGEXPRESSION . TOKEN_SUMA ALGEXPRESSION
   76              | ALGEXPRESSION TOKEN_SUMA ALGEXPRESSION .
   77              | ALGEXPRESSION . TOKEN_MULT ALGEXPRESSION
   78              | ALGEXPRESSION . TOKEN_RESTA ALGEXPRESSION
   79              | ALGEXPRESSION . TOKEN_DIV ALGEXPRESSION
   80              | ALGEXPRESSION . TOKEN_MOD ALGEXPRESSION

    TOKEN_MULT  shift, and go to state 66
    TOKEN_DIV   shift, and go to state 67
    TOKEN_MOD   shift, and go to state 68

    $default  reduce using rule 76 (ALGEXPRESSION)


State 96

   76 ALGEXPRESSION: ALGEXPRESSION . TOKEN_SUMA ALGEXPRESSION
   77              | ALGEXPRESSION . TOKEN_MULT ALGEXPRESSION
   78              | ALGEXPRESSION . TOKEN_RESTA ALGEXPRESSION
   78              | ALGEXPRESSION TOKEN_RESTA ALGEXPRESSION .
   79              | ALGEXPRESSION . TOKEN_DIV ALGEXPRESSION
   80              | ALGEXPRESSION . TOKEN_MOD ALGEXPRESSION

    TOKEN_MULT  shift, and go to state 66
    TOKEN_DIV   shift, and go to state 67
    TOKEN_MOD   shift, and go to state 68

    $default  reduce using rule 78 (ALGEXPRESSION)


State 97

   76 ALGEXPRESSION: ALGEXPRESSION . TOKEN_SUMA ALGEXPRESSION
   77              | ALGEXPRESSION . TOKEN_MULT ALGEXPRESSION
   77              | ALGEXPRESSION TOKEN_MULT ALGEXPRESSION .
   78              | ALGEXPRESSION . TOKEN_RESTA ALGEXPRESSION
   79              | ALGEXPRESSION . TOKEN_DIV ALGEXPRESSION
   80              | ALGEXPRESSION . TOKEN_MOD ALGEXPRESSION

    $default  reduce using rule 77 (ALGEXPRESSION)


State 98

   76 ALGEXPRESSION: ALGEXPRESSION . TOKEN_SUMA ALGEXPRESSION
   77              | ALGEXPRESSION . TOKEN_MULT ALGEXPRESSION
   78              | ALGEXPRESSION . TOKEN_RESTA ALGEXPRESSION
   79              | ALGEXPRESSION . TOKEN_DIV ALGEXPRESSION
   79              | ALGEXPRESSION TOKEN_DIV ALGEXPRESSION .
   80              | ALGEXPRESSION . TOKEN_MOD ALGEXPRESSION

    $default  reduce using rule 79 (ALGEXPRESSION)


State 99

   76 ALGEXPRESSION: ALGEXPRESSION . TOKEN_SUMA ALGEXPRESSION
   77              | ALGEXPRESSION . TOKEN_MULT ALGEXPRESSION
   78              | ALGEXPRESSION . TOKEN_RESTA ALGEXPRESSION
   79              | ALGEXPRESSION . TOKEN_DIV ALGEXPRESSION
   80              | ALGEXPRESSION . TOKEN_MOD ALGEXPRESSION
   80              | ALGEXPRESSION TOKEN_MOD ALGEXPRESSION .

    $default  reduce using rule 80 (ALGEXPRESSION)


State 100

   63 BOOLEXPRESSION: ALGEXPRESSION TOKEN_MENOR ALGEXPRESSION .
   76 ALGEXPRESSION: ALGEXPRESSION . TOKEN_SUMA ALGEXPRESSION
   77              | ALGEXPRESSION . TOKEN_MULT ALGEXPRESSION
   78              | ALGEXPRESSION . TOKEN_RESTA ALGEXPRESSION
   79              | ALGEXPRESSION . TOKEN_DIV ALGEXPRESSION
   80              | ALGEXPRESSION . TOKEN_MOD ALGEXPRESSION

    TOKEN_SUMA   shift, and go to state 64
    TOKEN_RESTA  shift, and go to state 65
    TOKEN_MULT   shift, and go to state 66
    TOKEN_DIV    shift, and go to state 67
    TOKEN_MOD    shift, and go to state 68

    $default  reduce using rule 63 (BOOLEXPRESSION)


State 101

   64 BOOLEXPRESSION: ALGEXPRESSION TOKEN_MAYOR ALGEXPRESSION .
   76 ALGEXPRESSION: ALGEXPRESSION . TOKEN_SUMA ALGEXPRESSION
   77              | ALGEXPRESSION . TOKEN_MULT ALGEXPRESSION
   78              | ALGEXPRESSION . TOKEN_RESTA ALGEXPRESSION
   79              | ALGEXPRESSION . TOKEN_DIV ALGEXPRESSION
   80              | ALGEXPRESSION . TOKEN_MOD ALGEXPRESSION

    TOKEN_SUMA   shift, and go to state 64
    TOKEN_RESTA  shift, and go to state 65
    TOKEN_MULT   shift, and go to state 66
    TOKEN_DIV    shift, and go to state 67
    TOKEN_MOD    shift, and go to state 68

    $default  reduce using rule 64 (BOOLEXPRESSION)


State 102

   65 BOOLEXPRESSION: ALGEXPRESSION TOKEN_MENORIG ALGEXPRESSION .
   76 ALGEXPRESSION: ALGEXPRESSION . TOKEN_SUMA ALGEXPRESSION
   77              | ALGEXPRESSION . TOKEN_MULT ALGEXPRESSION
   78              | ALGEXPRESSION . TOKEN_RESTA ALGEXPRESSION
   79              | ALGEXPRESSION . TOKEN_DIV ALGEXPRESSION
   80              | ALGEXPRESSION . TOKEN_MOD ALGEXPRESSION

    TOKEN_SUMA   shift, and go to state 64
    TOKEN_RESTA  shift, and go to state 65
    TOKEN_MULT   shift, and go to state 66
    TOKEN_DIV    shift, and go to state 67
    TOKEN_MOD    shift, and go to state 68

    $default  reduce using rule 65 (BOOLEXPRESSION)


State 103

   66 BOOLEXPRESSION: ALGEXPRESSION TOKEN_MAYORIG ALGEXPRESSION .
   76 ALGEXPRESSION: ALGEXPRESSION . TOKEN_SUMA ALGEXPRESSION
   77              | ALGEXPRESSION . TOKEN_MULT ALGEXPRESSION
   78              | ALGEXPRESSION . TOKEN_RESTA ALGEXPRESSION
   79              | ALGEXPRESSION . TOKEN_DIV ALGEXPRESSION
   80              | ALGEXPRESSION . TOKEN_MOD ALGEXPRESSION

    TOKEN_SUMA   shift, and go to state 64
    TOKEN_RESTA  shift, and go to state 65
    TOKEN_MULT   shift, and go to state 66
    TOKEN_DIV    shift, and go to state 67
    TOKEN_MOD    shift, and go to state 68

    $default  reduce using rule 66 (BOOLEXPRESSION)


State 104

   68 BOOLEXPRESSION: ALGEXPRESSION TOKEN_DESIGUAL ALGEXPRESSION .
   76 ALGEXPRESSION: ALGEXPRESSION . TOKEN_SUMA ALGEXPRESSION
   77              | ALGEXPRESSION . TOKEN_MULT ALGEXPRESSION
   78              | ALGEXPRESSION . TOKEN_RESTA ALGEXPRESSION
   79              | ALGEXPRESSION . TOKEN_DIV ALGEXPRESSION
   80              | ALGEXPRESSION . TOKEN_MOD ALGEXPRESSION

    TOKEN_SUMA   shift, and go to state 64
    TOKEN_RESTA  shift, and go to state 65
    TOKEN_MULT   shift, and go to state 66
    TOKEN_DIV    shift, and go to state 67
    TOKEN_MOD    shift, and go to state 68

    $default  reduce using rule 68 (BOOLEXPRESSION)


State 105

   67 BOOLEXPRESSION: ALGEXPRESSION TOKEN_IGUAL ALGEXPRESSION .
   76 ALGEXPRESSION: ALGEXPRESSION . TOKEN_SUMA ALGEXPRESSION
   77              | ALGEXPRESSION . TOKEN_MULT ALGEXPRESSION
   78              | ALGEXPRESSION . TOKEN_RESTA ALGEXPRESSION
   79              | ALGEXPRESSION . TOKEN_DIV ALGEXPRESSION
   80              | ALGEXPRESSION . TOKEN_MOD ALGEXPRESSION

    TOKEN_SUMA   shift, and go to state 64
    TOKEN_RESTA  shift, and go to state 65
    TOKEN_MULT   shift, and go to state 66
    TOKEN_DIV    shift, and go to state 67
    TOKEN_MOD    shift, and go to state 68

    $default  reduce using rule 67 (BOOLEXPRESSION)


State 106

   42 SECUENCIA_INSTRUC: SECUENCIA_INSTRUC . INSTRUCCION
   49 CONDICIONAL: TOKEN_IF BOOLEXPRESSION TOKEN_DOSPUNT SECUENCIA_INSTRUC . ELSE TOKEN_END

    TOKEN_CREATE      shift, and go to state 1
    TOKEN_WHILE       shift, and go to state 15
    TOKEN_IF          shift, and go to state 16
    TOKEN_ELSE        shift, and go to state 110
    TOKEN_ADVANCE     shift, and go to state 17
    TOKEN_ACTIVATE    shift, and go to state 18
    TOKEN_DEACTIVATE  shift, and go to state 19

    $default  reduce using rule 51 (ELSE)

    CREATE         go to state 20
    INSTRUCCION    go to state 46
    CONDICIONAL    go to state 23
    ELSE           go to state 111
    ACTIVATE       go to state 24
    ADVANCE        go to state 25
    DEACTIVATE     go to state 26
    LOOP           go to state 27
    INCORPALCANCE  go to state 28


State 107

   14 DEFAULTCOMP: TOKEN_ON TOKEN_DEFAULT TOKEN_DOSPUNT . SECUENCIA_ROBOTINSTR TOKEN_END

    TOKEN_SEND     shift, and go to state 112
    TOKEN_STORE    shift, and go to state 113
    TOKEN_COLLECT  shift, and go to state 114
    TOKEN_DROP     shift, and go to state 115
    TOKEN_UP       shift, and go to state 116
    TOKEN_DOWN     shift, and go to state 117
    TOKEN_RIGHT    shift, and go to state 118
    TOKEN_LEFT     shift, and go to state 119
    TOKEN_READ     shift, and go to state 120

    SECUENCIA_ROBOTINSTR  go to state 121
    ROBOTINSTR            go to state 122
    STORE                 go to state 123
    COLLECT               go to state 124
    DROP                  go to state 125
    MOVE                  go to state 126
    READ                  go to state 127
    SEND                  go to state 128
    DIRECTION             go to state 129


State 108

   12 COMPORTAMIENTO: TOKEN_ON CONDITION TOKEN_DOSPUNT . SECUENCIA_ROBOTINSTR TOKEN_END

    TOKEN_SEND     shift, and go to state 112
    TOKEN_STORE    shift, and go to state 113
    TOKEN_COLLECT  shift, and go to state 114
    TOKEN_DROP     shift, and go to state 115
    TOKEN_UP       shift, and go to state 116
    TOKEN_DOWN     shift, and go to state 117
    TOKEN_RIGHT    shift, and go to state 118
    TOKEN_LEFT     shift, and go to state 119
    TOKEN_READ     shift, and go to state 120

    SECUENCIA_ROBOTINSTR  go to state 130
    ROBOTINSTR            go to state 122
    STORE                 go to state 123
    COLLECT               go to state 124
    DROP                  go to state 125
    MOVE                  go to state 126
    READ                  go to state 127
    SEND                  go to state 128
    DIRECTION             go to state 129


State 109

   55 LOOP: TOKEN_WHILE BOOLEXPRESSION TOKEN_DOSPUNT SECUENCIA_INSTRUC TOKEN_END .

    $default  reduce using rule 55 (LOOP)


State 110

   50 ELSE: TOKEN_ELSE . TOKEN_DOSPUNT SECUENCIA_INSTRUC

    TOKEN_DOSPUNT  shift, and go to state 131


State 111

   49 CONDICIONAL: TOKEN_IF BOOLEXPRESSION TOKEN_DOSPUNT SECUENCIA_INSTRUC ELSE . TOKEN_END

    TOKEN_END  shift, and go to state 132


State 112

   35 SEND: TOKEN_SEND .

    $default  reduce using rule 35 (SEND)


State 113

   26 STORE: TOKEN_STORE . EXPRESSION
   27      | TOKEN_STORE . CARACTER

    NUM            shift, and go to state 31
    ID             shift, and go to state 32
    CARACTER       shift, and go to state 133
    TOKEN_TRUE     shift, and go to state 33
    TOKEN_FALSE    shift, and go to state 34
    TOKEN_PARABRE  shift, and go to state 35
    TOKEN_RESTA    shift, and go to state 36
    TOKEN_NEG      shift, and go to state 37

    EXPRESSION      go to state 134
    BOOLEXPRESSION  go to state 135
    ALGEXPRESSION   go to state 136


State 114

   28 COLLECT: TOKEN_COLLECT .
   29        | TOKEN_COLLECT . TOKEN_AS ID

    TOKEN_AS  shift, and go to state 137

    $default  reduce using rule 28 (COLLECT)


State 115

   30 DROP: TOKEN_DROP . EXPRESSION
   31     | TOKEN_DROP . CARACTER

    NUM            shift, and go to state 31
    ID             shift, and go to state 32
    CARACTER       shift, and go to state 138
    TOKEN_TRUE     shift, and go to state 33
    TOKEN_FALSE    shift, and go to state 34
    TOKEN_PARABRE  shift, and go to state 35
    TOKEN_RESTA    shift, and go to state 36
    TOKEN_NEG      shift, and go to state 37

    EXPRESSION      go to state 139
    BOOLEXPRESSION  go to state 135
    ALGEXPRESSION   go to state 136


State 116

   36 DIRECTION: TOKEN_UP .

    $default  reduce using rule 36 (DIRECTION)


State 117

   37 DIRECTION: TOKEN_DOWN .

    $default  reduce using rule 37 (DIRECTION)


State 118

   39 DIRECTION: TOKEN_RIGHT .

    $default  reduce using rule 39 (DIRECTION)


State 119

   38 DIRECTION: TOKEN_LEFT .

    $default  reduce using rule 38 (DIRECTION)


State 120

   33 READ: TOKEN_READ .
   34     | TOKEN_READ . TOKEN_AS ID

    TOKEN_AS  shift, and go to state 140

    $default  reduce using rule 33 (READ)


State 121

   14 DEFAULTCOMP: TOKEN_ON TOKEN_DEFAULT TOKEN_DOSPUNT SECUENCIA_ROBOTINSTR . TOKEN_END
   18 SECUENCIA_ROBOTINSTR: SECUENCIA_ROBOTINSTR . ROBOTINSTR

    TOKEN_SEND     shift, and go to state 112
    TOKEN_STORE    shift, and go to state 113
    TOKEN_COLLECT  shift, and go to state 114
    TOKEN_DROP     shift, and go to state 115
    TOKEN_UP       shift, and go to state 116
    TOKEN_DOWN     shift, and go to state 117
    TOKEN_RIGHT    shift, and go to state 118
    TOKEN_LEFT     shift, and go to state 119
    TOKEN_READ     shift, and go to state 120
    TOKEN_END      shift, and go to state 141

    ROBOTINSTR  go to state 142
    STORE       go to state 123
    COLLECT     go to state 124
    DROP        go to state 125
    MOVE        go to state 126
    READ        go to state 127
    SEND        go to state 128
    DIRECTION   go to state 129


State 122

   19 SECUENCIA_ROBOTINSTR: ROBOTINSTR .

    $default  reduce using rule 19 (SECUENCIA_ROBOTINSTR)


State 123

   20 ROBOTINSTR: STORE . TOKEN_PUNTO

    TOKEN_PUNTO  shift, and go to state 143


State 124

   21 ROBOTINSTR: COLLECT . TOKEN_PUNTO

    TOKEN_PUNTO  shift, and go to state 144


State 125

   22 ROBOTINSTR: DROP . TOKEN_PUNTO

    TOKEN_PUNTO  shift, and go to state 145


State 126

   23 ROBOTINSTR: MOVE . TOKEN_PUNTO

    TOKEN_PUNTO  shift, and go to state 146


State 127

   24 ROBOTINSTR: READ . TOKEN_PUNTO

    TOKEN_PUNTO  shift, and go to state 147


State 128

   25 ROBOTINSTR: SEND . TOKEN_PUNTO

    TOKEN_PUNTO  shift, and go to state 148


State 129

   32 MOVE: DIRECTION . ALGEXPRESSION

    NUM            shift, and go to state 31
    ID             shift, and go to state 55
    TOKEN_PARABRE  shift, and go to state 56
    TOKEN_RESTA    shift, and go to state 36

    ALGEXPRESSION  go to state 149


State 130

   12 COMPORTAMIENTO: TOKEN_ON CONDITION TOKEN_DOSPUNT SECUENCIA_ROBOTINSTR . TOKEN_END
   18 SECUENCIA_ROBOTINSTR: SECUENCIA_ROBOTINSTR . ROBOTINSTR

    TOKEN_SEND     shift, and go to state 112
    TOKEN_STORE    shift, and go to state 113
    TOKEN_COLLECT  shift, and go to state 114
    TOKEN_DROP     shift, and go to state 115
    TOKEN_UP       shift, and go to state 116
    TOKEN_DOWN     shift, and go to state 117
    TOKEN_RIGHT    shift, and go to state 118
    TOKEN_LEFT     shift, and go to state 119
    TOKEN_READ     shift, and go to state 120
    TOKEN_END      shift, and go to state 150

    ROBOTINSTR  go to state 142
    STORE       go to state 123
    COLLECT     go to state 124
    DROP        go to state 125
    MOVE        go to state 126
    READ        go to state 127
    SEND        go to state 128
    DIRECTION   go to state 129


State 131

   50 ELSE: TOKEN_ELSE TOKEN_DOSPUNT . SECUENCIA_INSTRUC

    TOKEN_CREATE      shift, and go to state 1
    TOKEN_WHILE       shift, and go to state 15
    TOKEN_IF          shift, and go to state 16
    TOKEN_ADVANCE     shift, and go to state 17
    TOKEN_ACTIVATE    shift, and go to state 18
    TOKEN_DEACTIVATE  shift, and go to state 19

    CREATE             go to state 20
    SECUENCIA_INSTRUC  go to state 151
    INSTRUCCION        go to state 22
    CONDICIONAL        go to state 23
    ACTIVATE           go to state 24
    ADVANCE            go to state 25
    DEACTIVATE         go to state 26
    LOOP               go to state 27
    INCORPALCANCE      go to state 28


State 132

   49 CONDICIONAL: TOKEN_IF BOOLEXPRESSION TOKEN_DOSPUNT SECUENCIA_INSTRUC ELSE TOKEN_END .

    $default  reduce using rule 49 (CONDICIONAL)


State 133

   27 STORE: TOKEN_STORE CARACTER .

    $default  reduce using rule 27 (STORE)


State 134

   26 STORE: TOKEN_STORE EXPRESSION .

    $default  reduce using rule 26 (STORE)


State 135

   60 EXPRESSION: BOOLEXPRESSION .
   69 BOOLEXPRESSION: BOOLEXPRESSION . TOKEN_CONJ BOOLEXPRESSION
   70               | BOOLEXPRESSION . TOKEN_DISY BOOLEXPRESSION
   71               | BOOLEXPRESSION . TOKEN_IGUAL BOOLEXPRESSION
   72               | BOOLEXPRESSION . TOKEN_DESIGUAL BOOLEXPRESSION

    TOKEN_CONJ      shift, and go to state 60
    TOKEN_DISY      shift, and go to state 61
    TOKEN_DESIGUAL  shift, and go to state 62
    TOKEN_IGUAL     shift, and go to state 63

    $default  reduce using rule 60 (EXPRESSION)


State 136

   59 EXPRESSION: ALGEXPRESSION .
   63 BOOLEXPRESSION: ALGEXPRESSION . TOKEN_MENOR ALGEXPRESSION
   64               | ALGEXPRESSION . TOKEN_MAYOR ALGEXPRESSION
   65               | ALGEXPRESSION . TOKEN_MENORIG ALGEXPRESSION
   66               | ALGEXPRESSION . TOKEN_MAYORIG ALGEXPRESSION
   67               | ALGEXPRESSION . TOKEN_IGUAL ALGEXPRESSION
   68               | ALGEXPRESSION . TOKEN_DESIGUAL ALGEXPRESSION
   76 ALGEXPRESSION: ALGEXPRESSION . TOKEN_SUMA ALGEXPRESSION
   77              | ALGEXPRESSION . TOKEN_MULT ALGEXPRESSION
   78              | ALGEXPRESSION . TOKEN_RESTA ALGEXPRESSION
   79              | ALGEXPRESSION . TOKEN_DIV ALGEXPRESSION
   80              | ALGEXPRESSION . TOKEN_MOD ALGEXPRESSION

    TOKEN_SUMA      shift, and go to state 64
    TOKEN_RESTA     shift, and go to state 65
    TOKEN_MULT      shift, and go to state 66
    TOKEN_DIV       shift, and go to state 67
    TOKEN_MOD       shift, and go to state 68
    TOKEN_MENOR     shift, and go to state 69
    TOKEN_MAYOR     shift, and go to state 70
    TOKEN_MENORIG   shift, and go to state 71
    TOKEN_MAYORIG   shift, and go to state 72
    TOKEN_DESIGUAL  shift, and go to state 73
    TOKEN_IGUAL     shift, and go to state 74

    $default  reduce using rule 59 (EXPRESSION)


State 137

   29 COLLECT: TOKEN_COLLECT TOKEN_AS . ID

    ID  shift, and go to state 152


State 138

   31 DROP: TOKEN_DROP CARACTER .

    $default  reduce using rule 31 (DROP)


State 139

   30 DROP: TOKEN_DROP EXPRESSION .

    $default  reduce using rule 30 (DROP)


State 140

   34 READ: TOKEN_READ TOKEN_AS . ID

    ID  shift, and go to state 153


State 141

   14 DEFAULTCOMP: TOKEN_ON TOKEN_DEFAULT TOKEN_DOSPUNT SECUENCIA_ROBOTINSTR TOKEN_END .

    $default  reduce using rule 14 (DEFAULTCOMP)


State 142

   18 SECUENCIA_ROBOTINSTR: SECUENCIA_ROBOTINSTR ROBOTINSTR .

    $default  reduce using rule 18 (SECUENCIA_ROBOTINSTR)


State 143

   20 ROBOTINSTR: STORE TOKEN_PUNTO .

    $default  reduce using rule 20 (ROBOTINSTR)


State 144

   21 ROBOTINSTR: COLLECT TOKEN_PUNTO .

    $default  reduce using rule 21 (ROBOTINSTR)


State 145

   22 ROBOTINSTR: DROP TOKEN_PUNTO .

    $default  reduce using rule 22 (ROBOTINSTR)


State 146

   23 ROBOTINSTR: MOVE TOKEN_PUNTO .

    $default  reduce using rule 23 (ROBOTINSTR)


State 147

   24 ROBOTINSTR: READ TOKEN_PUNTO .

    $default  reduce using rule 24 (ROBOTINSTR)


State 148

   25 ROBOTINSTR: SEND TOKEN_PUNTO .

    $default  reduce using rule 25 (ROBOTINSTR)


State 149

   32 MOVE: DIRECTION ALGEXPRESSION .
   76 ALGEXPRESSION: ALGEXPRESSION . TOKEN_SUMA ALGEXPRESSION
   77              | ALGEXPRESSION . TOKEN_MULT ALGEXPRESSION
   78              | ALGEXPRESSION . TOKEN_RESTA ALGEXPRESSION
   79              | ALGEXPRESSION . TOKEN_DIV ALGEXPRESSION
   80              | ALGEXPRESSION . TOKEN_MOD ALGEXPRESSION

    TOKEN_SUMA   shift, and go to state 64
    TOKEN_RESTA  shift, and go to state 65
    TOKEN_MULT   shift, and go to state 66
    TOKEN_DIV    shift, and go to state 67
    TOKEN_MOD    shift, and go to state 68

    $default  reduce using rule 32 (MOVE)


State 150

   12 COMPORTAMIENTO: TOKEN_ON CONDITION TOKEN_DOSPUNT SECUENCIA_ROBOTINSTR TOKEN_END .

    $default  reduce using rule 12 (COMPORTAMIENTO)


State 151

   42 SECUENCIA_INSTRUC: SECUENCIA_INSTRUC . INSTRUCCION
   50 ELSE: TOKEN_ELSE TOKEN_DOSPUNT SECUENCIA_INSTRUC .

    TOKEN_CREATE      shift, and go to state 1
    TOKEN_WHILE       shift, and go to state 15
    TOKEN_IF          shift, and go to state 16
    TOKEN_ADVANCE     shift, and go to state 17
    TOKEN_ACTIVATE    shift, and go to state 18
    TOKEN_DEACTIVATE  shift, and go to state 19

    $default  reduce using rule 50 (ELSE)

    CREATE         go to state 20
    INSTRUCCION    go to state 46
    CONDICIONAL    go to state 23
    ACTIVATE       go to state 24
    ADVANCE        go to state 25
    DEACTIVATE     go to state 26
    LOOP           go to state 27
    INCORPALCANCE  go to state 28


State 152

   29 COLLECT: TOKEN_COLLECT TOKEN_AS ID .

    $default  reduce using rule 29 (COLLECT)


State 153

   34 READ: TOKEN_READ TOKEN_AS ID .

    $default  reduce using rule 34 (READ)
